[debug] > Exec(early(addDefaultCommands), None, None)
[debug] > Exec(addDefaultCommands, None, None)
[debug] > Exec(early(initialize), None, None)
[debug] > Exec(initialize, None, None)
[debug] > Exec(early(addPluginSbtFile="""C:\Users\jonat\AppData\Local\Temp\idea.sbt"""), None, None)
[debug] > Exec(addPluginSbtFile="""C:\Users\jonat\AppData\Local\Temp\idea.sbt""", None, None)
[debug] > Exec(boot, None, None)
[debug] > Exec(writeSbtVersion, None, None)
[debug] > Exec(reload, None, None)
[debug] > Exec(sbtStashOnFailure, None, None)
[debug] > Exec(onFailure loadFailed, None, None)
[debug] > Exec(loadp, None, None)
[info] welcome to sbt 1.10.3 (Oracle Corporation Java 23)
[debug] Load.defaultLoad until apply took 80.232ms
[debug]           Load.loadUnit: plugins took 72.0025ms
[debug]           Load.loadUnit: defsScala took 0.295ms
[debug] [Loading] Scanning directory C:\Users\jonat\OneDrive\OTRODRIVE\Documents\Universidad\4_SEMESTRE IV_IT\FPFC\Talleres\Taller_5\TallerAlgoritmoKmeans_2310174_2322626\project
[debug]             Load.loadUnit: mkEval took 5.2288ms
[debug] [Loading] Found non-root projects 
[debug] [Loading] Done in C:\Users\jonat\OneDrive\OTRODRIVE\Documents\Universidad\4_SEMESTRE IV_IT\FPFC\Talleres\Taller_5\TallerAlgoritmoKmeans_2310174_2322626\project, returning: ()
[debug] deducing auto plugins based on known facts Set(Atom(sbt.plugins.CorePlugin)) and clauses Clauses(Clause(Atom(sbt.plugins.JvmPlugin),Set(Atom(sbt.plugins.IvyPlugin)))
[debug] Clause(Atom(sbt.ScriptedPlugin),Set(Atom(sbt.plugins.JvmPlugin)))
[debug] Clause(Atom(sbt.plugins.SbtPlugin),Set(Atom(sbt.ScriptedPlugin)))
[debug] Clause(Atom(sbt.plugins.SemanticdbPlugin),Set(Atom(sbt.plugins.JvmPlugin)))
[debug] Clause(Atom(sbt.plugins.JUnitXmlReportPlugin),Set(Atom(sbt.plugins.JvmPlugin)))
[debug] Clause(Atom(sbt.plugins.MiniDependencyTreePlugin),Set(Atom(sbt.plugins.JvmPlugin)))
[debug] Clause(Atom(sbt.plugins.CorePlugin),Set(Atom(sbt.plugins.IvyPlugin)))
[debug] Clause(Atom(sbt.plugins.IvyPlugin),Set(Atom(sbt.plugins.JvmPlugin)))
[debug] Clause(Atom(sbt.plugins.JvmPlugin),Set(Atom(sbt.plugins.SemanticdbPlugin)))
[debug] Clause(Atom(sbt.plugins.JvmPlugin),Set(Atom(sbt.plugins.JUnitXmlReportPlugin)))
[debug] Clause(Atom(sbt.plugins.CorePlugin),Set(Atom(sbt.plugins.Giter8TemplatePlugin)))
[debug] Clause(Atom(sbt.plugins.JvmPlugin),Set(Atom(sbt.plugins.MiniDependencyTreePlugin))))
[debug]   :: deduced result: Matched(sbt.plugins.CorePlugin,sbt.plugins.Giter8TemplatePlugin,sbt.plugins.IvyPlugin,sbt.plugins.JvmPlugin,sbt.plugins.MiniDependencyTreePlugin,sbt.plugins.JUnitXmlReportPlugin,sbt.plugins.SemanticdbPlugin)
[debug] Plugins.deducer#function took 13.496 ms
[info] loading settings for project talleralgoritmokmeans_2310174_2322626-build from idea.sbt ...
[debug]               Load.resolveProject(talleralgoritmokmeans_2310174_2322626-build) took 40.8064ms
[debug]             Load.loadTransitive: finalizeProject(Project(id talleralgoritmokmeans_2310174_2322626-build, base: C:\Users\jonat\OneDrive\OTRODRIVE\Documents\Universidad\4_SEMESTRE IV_IT\FPFC\Talleres\Taller_5\TallerAlgoritmoKmeans_2310174_2322626\project, plugins: List(<none>))) took 70.4405ms
[debug] [Loading] Done in C:\Users\jonat\OneDrive\OTRODRIVE\Documents\Universidad\4_SEMESTRE IV_IT\FPFC\Talleres\Taller_5\TallerAlgoritmoKmeans_2310174_2322626\project, returning: (talleralgoritmokmeans_2310174_2322626-build)
[debug]           Load.loadUnit: loadedProjectsRaw took 369.2242ms
[debug]           Load.loadUnit: cleanEvalClasses took 12.4846ms
[debug]         Load.loadUnit(file:/C:/Users/jonat/OneDrive/OTRODRIVE/Documents/Universidad/4_SEMESTRE%20IV_IT/FPFC/Talleres/Taller_5/TallerAlgoritmoKmeans_2310174_2322626/project/, ...) took 460.2614ms
[debug]       Load.apply: load took 597.1433ms
[debug]       Load.apply: resolveProjects took 5.3231ms
[debug]       Load.apply: finalTransforms took 52.8837ms
[debug]       Load.apply: config.delegates took 5.7087ms
[debug]       Load.apply: Def.make(settings)... took 384.4497ms
[debug]       Load.apply: structureIndex took 509.1028ms
[debug]       Load.apply: mkStreams took 2.8707ms
[info] loading project definition from C:\Users\jonat\OneDrive\OTRODRIVE\Documents\Universidad\4_SEMESTRE IV_IT\FPFC\Talleres\Taller_5\TallerAlgoritmoKmeans_2310174_2322626\project
[debug] Running task... Cancel: Signal, check cycles: false, forcegc: true
[debug]     Load.loadUnit: plugins took 2670.1134ms
[debug]     Load.loadUnit: defsScala took 0.0067ms
[debug] [Loading] Scanning directory C:\Users\jonat\OneDrive\OTRODRIVE\Documents\Universidad\4_SEMESTRE IV_IT\FPFC\Talleres\Taller_5\TallerAlgoritmoKmeans_2310174_2322626
[debug]       Load.loadUnit: mkEval took 0.4588ms
[debug] [Loading] Found root project root w/ remaining 
[debug] deducing auto plugins based on known facts Set(Atom(sbt.plugins.CorePlugin)) and clauses Clauses(Clause(Atom(sbt.plugins.JvmPlugin),Set(Atom(sbt.plugins.IvyPlugin)))
[debug] Clause(Atom(sbt.ScriptedPlugin),Set(Atom(sbt.plugins.JvmPlugin)))
[debug] Clause(Atom(sbt.plugins.SbtPlugin),Set(Atom(sbt.ScriptedPlugin)))
[debug] Clause(Atom(sbt.plugins.SemanticdbPlugin),Set(Atom(sbt.plugins.JvmPlugin)))
[debug] Clause(Atom(sbt.plugins.JUnitXmlReportPlugin),Set(Atom(sbt.plugins.JvmPlugin)))
[debug] Clause(Atom(sbt.plugins.MiniDependencyTreePlugin),Set(Atom(sbt.plugins.JvmPlugin)))
[debug] Clause(Atom(org.jetbrains.sbt.StructurePlugin),Set(Atom(sbt.plugins.JvmPlugin)))
[debug] Clause(Atom(org.jetbrains.sbt.IdeaShellPlugin),Set(Atom(sbt.plugins.JvmPlugin)))
[debug] Clause(Atom(org.jetbrains.sbt.indices.SbtIntellijIndicesPlugin),Set(Atom(sbt.plugins.JvmPlugin)))
[debug] Clause(Atom(sbt.plugins.CorePlugin),Set(Atom(sbt.plugins.IvyPlugin)))
[debug] Clause(Atom(sbt.plugins.IvyPlugin),Set(Atom(sbt.plugins.JvmPlugin)))
[debug] Clause(Atom(sbt.plugins.JvmPlugin),Set(Atom(sbt.plugins.SemanticdbPlugin)))
[debug] Clause(Atom(sbt.plugins.JvmPlugin),Set(Atom(sbt.plugins.JUnitXmlReportPlugin)))
[debug] Clause(Atom(sbt.plugins.CorePlugin),Set(Atom(sbt.plugins.Giter8TemplatePlugin)))
[debug] Clause(Atom(sbt.plugins.JvmPlugin),Set(Atom(sbt.plugins.MiniDependencyTreePlugin)))
[debug] Clause(Atom(sbt.plugins.JvmPlugin),Set(Atom(org.jetbrains.sbt.StructurePlugin)))
[debug] Clause(Atom(sbt.plugins.JvmPlugin),Set(Atom(org.jetbrains.sbt.IdeaShellPlugin)))
[debug] Clause(And(Set(Atom(sbt.plugins.CorePlugin), Atom(sbt.plugins.JvmPlugin))),Set(Atom(org.jetbrains.sbt.indices.SbtIntellijIndicesPlugin))))
[debug]   :: deduced result: Matched(sbt.plugins.CorePlugin,sbt.plugins.Giter8TemplatePlugin,sbt.plugins.IvyPlugin,sbt.plugins.JvmPlugin,sbt.plugins.SemanticdbPlugin,org.jetbrains.sbt.indices.SbtIntellijIndicesPlugin,sbt.plugins.JUnitXmlReportPlugin,org.jetbrains.sbt.IdeaShellPlugin,org.jetbrains.sbt.StructurePlugin,sbt.plugins.MiniDependencyTreePlugin)
[debug] Plugins.deducer#function took 2.367 ms
[info] loading settings for project root from build.sbt ...
[debug]         Load.resolveProject(root) took 25.6135ms
[debug]       Load.loadTransitive: finalizeProject(Project(id root, base: C:\Users\jonat\OneDrive\OTRODRIVE\Documents\Universidad\4_SEMESTRE IV_IT\FPFC\Talleres\Taller_5\TallerAlgoritmoKmeans_2310174_2322626, plugins: List(<none>))) took 29.3653ms
[debug] [Loading] Done in C:\Users\jonat\OneDrive\OTRODRIVE\Documents\Universidad\4_SEMESTRE IV_IT\FPFC\Talleres\Taller_5\TallerAlgoritmoKmeans_2310174_2322626, returning: (root)
[debug]     Load.loadUnit: loadedProjectsRaw took 160.5361ms
[debug]     Load.loadUnit: cleanEvalClasses took 33.1879ms
[debug]   Load.loadUnit(file:/C:/Users/jonat/OneDrive/OTRODRIVE/Documents/Universidad/4_SEMESTRE%20IV_IT/FPFC/Talleres/Taller_5/TallerAlgoritmoKmeans_2310174_2322626/, ...) took 2865.9299ms
[debug] Load.apply: load took 2880.9802ms
[debug] Load.apply: resolveProjects took 0.1321ms
[debug] Load.apply: finalTransforms took 28.6817ms
[debug] Load.apply: config.delegates took 0.3595ms
[debug] Load.apply: Def.make(settings)... took 79.2029ms
[debug] Load.apply: structureIndex took 30.3689ms
[debug] Load.apply: mkStreams took 0.0025ms
[info] set current project to ParallelScala (in build file:/C:/Users/jonat/OneDrive/OTRODRIVE/Documents/Universidad/4_SEMESTRE%20IV_IT/FPFC/Talleres/Taller_5/TallerAlgoritmoKmeans_2310174_2322626/)
[debug] > Exec(sbtPopOnFailure, None, None)
[debug] > Exec(resumeFromFailure, None, None)
[debug] > Exec(notifyUsersAboutShell, None, None)
[debug] > Exec(iflast shell, None, None)
[debug] > Exec(; set ideaPort in Global := 61444 ; idea-shell, None, None)
[debug] > Exec(set ideaPort in Global := 61444, None, None)
[info] Defining Global / ideaPort
[info] The new value will be used by Compile / compile, Test / compile
[debug] Defining 
[debug] 	Global / ideaPort
[debug] 
[debug] The new value will be used by 
[debug] 	Compile / compile
[debug] 	Test / compile
[info] Reapplying settings...
[info] set current project to ParallelScala (in build file:/C:/Users/jonat/OneDrive/OTRODRIVE/Documents/Universidad/4_SEMESTRE%20IV_IT/FPFC/Talleres/Taller_5/TallerAlgoritmoKmeans_2310174_2322626/)
[debug] > Exec(idea-shell, None, None)
