[debug] > Exec(reload, None, None)
[debug] > Exec(sbtStashOnFailure, None, None)
[debug] > Exec(onFailure loadFailed, None, None)
[debug] > Exec(loadp, None, None)
[info] welcome to sbt 1.10.3 (Oracle Corporation Java 23)
[debug] Load.defaultLoad until apply took 9.207ms
[debug]           Load.loadUnit: plugins took 54.871ms
[debug]           Load.loadUnit: defsScala took 0.0038ms
[debug] [Loading] Scanning directory C:\Users\jonat\OneDrive\OTRODRIVE\Documents\Universidad\4_SEMESTRE IV_IT\FPFC\Talleres\Taller_5\TallerAlgoritmoKmeans_2310174_2322626\project
[debug]             Load.loadUnit: mkEval took 0.2901ms
[debug] [Loading] Found non-root projects 
[debug] [Loading] Done in C:\Users\jonat\OneDrive\OTRODRIVE\Documents\Universidad\4_SEMESTRE IV_IT\FPFC\Talleres\Taller_5\TallerAlgoritmoKmeans_2310174_2322626\project, returning: ()
[debug] deducing auto plugins based on known facts Set(Atom(sbt.plugins.CorePlugin)) and clauses Clauses(Clause(Atom(sbt.plugins.JvmPlugin),Set(Atom(sbt.plugins.IvyPlugin)))
[debug] Clause(Atom(sbt.ScriptedPlugin),Set(Atom(sbt.plugins.JvmPlugin)))
[debug] Clause(Atom(sbt.plugins.SbtPlugin),Set(Atom(sbt.ScriptedPlugin)))
[debug] Clause(Atom(sbt.plugins.SemanticdbPlugin),Set(Atom(sbt.plugins.JvmPlugin)))
[debug] Clause(Atom(sbt.plugins.JUnitXmlReportPlugin),Set(Atom(sbt.plugins.JvmPlugin)))
[debug] Clause(Atom(sbt.plugins.MiniDependencyTreePlugin),Set(Atom(sbt.plugins.JvmPlugin)))
[debug] Clause(Atom(sbt.plugins.CorePlugin),Set(Atom(sbt.plugins.IvyPlugin)))
[debug] Clause(Atom(sbt.plugins.IvyPlugin),Set(Atom(sbt.plugins.JvmPlugin)))
[debug] Clause(Atom(sbt.plugins.JvmPlugin),Set(Atom(sbt.plugins.SemanticdbPlugin)))
[debug] Clause(Atom(sbt.plugins.JvmPlugin),Set(Atom(sbt.plugins.JUnitXmlReportPlugin)))
[debug] Clause(Atom(sbt.plugins.CorePlugin),Set(Atom(sbt.plugins.Giter8TemplatePlugin)))
[debug] Clause(Atom(sbt.plugins.JvmPlugin),Set(Atom(sbt.plugins.MiniDependencyTreePlugin))))
[debug]   :: deduced result: Matched(sbt.plugins.CorePlugin,sbt.plugins.Giter8TemplatePlugin,sbt.plugins.IvyPlugin,sbt.plugins.JvmPlugin,sbt.plugins.MiniDependencyTreePlugin,sbt.plugins.JUnitXmlReportPlugin,sbt.plugins.SemanticdbPlugin)
[debug] Plugins.deducer#function took 2.1105 ms
[info] loading settings for project talleralgoritmokmeans_2310174_2322626-build from idea2.sbt ...
[debug]               Load.resolveProject(talleralgoritmokmeans_2310174_2322626-build) took 1.4988ms
[debug]             Load.loadTransitive: finalizeProject(Project(id talleralgoritmokmeans_2310174_2322626-build, base: C:\Users\jonat\OneDrive\OTRODRIVE\Documents\Universidad\4_SEMESTRE IV_IT\FPFC\Talleres\Taller_5\TallerAlgoritmoKmeans_2310174_2322626\project, plugins: List(<none>))) took 4.1766ms
[debug] [Loading] Done in C:\Users\jonat\OneDrive\OTRODRIVE\Documents\Universidad\4_SEMESTRE IV_IT\FPFC\Talleres\Taller_5\TallerAlgoritmoKmeans_2310174_2322626\project, returning: (talleralgoritmokmeans_2310174_2322626-build)
[debug]           Load.loadUnit: loadedProjectsRaw took 25.0618ms
[debug]           Load.loadUnit: cleanEvalClasses took 5.5317ms
[debug]         Load.loadUnit(file:/C:/Users/jonat/OneDrive/OTRODRIVE/Documents/Universidad/4_SEMESTRE%20IV_IT/FPFC/Talleres/Taller_5/TallerAlgoritmoKmeans_2310174_2322626/project/, ...) took 87.9229ms
[debug]       Load.apply: load took 90.4308ms
[debug]       Load.apply: resolveProjects took 0.1086ms
[debug]       Load.apply: finalTransforms took 5.2679ms
[debug]       Load.apply: config.delegates took 0.2474ms
[debug]       Load.apply: Def.make(settings)... took 41.3556ms
[debug]       Load.apply: structureIndex took 16.7302ms
[debug]       Load.apply: mkStreams took 0.0025ms
[info] loading project definition from C:\Users\jonat\OneDrive\OTRODRIVE\Documents\Universidad\4_SEMESTRE IV_IT\FPFC\Talleres\Taller_5\TallerAlgoritmoKmeans_2310174_2322626\project
[debug] Running task... Cancel: Signal, check cycles: false, forcegc: true
[debug]     Load.loadUnit: plugins took 335.7886ms
[debug]     Load.loadUnit: defsScala took 0.0026ms
[debug] [Loading] Scanning directory C:\Users\jonat\OneDrive\OTRODRIVE\Documents\Universidad\4_SEMESTRE IV_IT\FPFC\Talleres\Taller_5\TallerAlgoritmoKmeans_2310174_2322626
[debug]       Load.loadUnit: mkEval took 0.3718ms
[debug] [Loading] Found root project root w/ remaining 
[debug] deducing auto plugins based on known facts Set(Atom(sbt.plugins.CorePlugin)) and clauses Clauses(Clause(Atom(sbt.plugins.JvmPlugin),Set(Atom(sbt.plugins.IvyPlugin)))
[debug] Clause(Atom(sbt.ScriptedPlugin),Set(Atom(sbt.plugins.JvmPlugin)))
[debug] Clause(Atom(sbt.plugins.SbtPlugin),Set(Atom(sbt.ScriptedPlugin)))
[debug] Clause(Atom(sbt.plugins.SemanticdbPlugin),Set(Atom(sbt.plugins.JvmPlugin)))
[debug] Clause(Atom(sbt.plugins.JUnitXmlReportPlugin),Set(Atom(sbt.plugins.JvmPlugin)))
[debug] Clause(Atom(sbt.plugins.MiniDependencyTreePlugin),Set(Atom(sbt.plugins.JvmPlugin)))
[debug] Clause(Atom(org.jetbrains.sbt.StructurePlugin),Set(Atom(sbt.plugins.JvmPlugin)))
[debug] Clause(Atom(org.jetbrains.sbt.IdeaShellPlugin),Set(Atom(sbt.plugins.JvmPlugin)))
[debug] Clause(Atom(org.jetbrains.sbt.indices.SbtIntellijIndicesPlugin),Set(Atom(sbt.plugins.JvmPlugin)))
[debug] Clause(Atom(sbt.plugins.CorePlugin),Set(Atom(sbt.plugins.IvyPlugin)))
[debug] Clause(Atom(sbt.plugins.IvyPlugin),Set(Atom(sbt.plugins.JvmPlugin)))
[debug] Clause(Atom(sbt.plugins.JvmPlugin),Set(Atom(sbt.plugins.SemanticdbPlugin)))
[debug] Clause(Atom(sbt.plugins.JvmPlugin),Set(Atom(sbt.plugins.JUnitXmlReportPlugin)))
[debug] Clause(Atom(sbt.plugins.CorePlugin),Set(Atom(sbt.plugins.Giter8TemplatePlugin)))
[debug] Clause(Atom(sbt.plugins.JvmPlugin),Set(Atom(sbt.plugins.MiniDependencyTreePlugin)))
[debug] Clause(Atom(sbt.plugins.JvmPlugin),Set(Atom(org.jetbrains.sbt.StructurePlugin)))
[debug] Clause(Atom(sbt.plugins.JvmPlugin),Set(Atom(org.jetbrains.sbt.IdeaShellPlugin)))
[debug] Clause(And(Set(Atom(sbt.plugins.CorePlugin), Atom(sbt.plugins.JvmPlugin))),Set(Atom(org.jetbrains.sbt.indices.SbtIntellijIndicesPlugin))))
[debug]   :: deduced result: Matched(sbt.plugins.CorePlugin,sbt.plugins.Giter8TemplatePlugin,sbt.plugins.IvyPlugin,sbt.plugins.JvmPlugin,sbt.plugins.SemanticdbPlugin,org.jetbrains.sbt.indices.SbtIntellijIndicesPlugin,sbt.plugins.JUnitXmlReportPlugin,org.jetbrains.sbt.IdeaShellPlugin,org.jetbrains.sbt.StructurePlugin,sbt.plugins.MiniDependencyTreePlugin)
[debug] Plugins.deducer#function took 2.2944 ms
[info] loading settings for project root from build.sbt ...
[debug]         Load.resolveProject(root) took 28.6927ms
[debug]       Load.loadTransitive: finalizeProject(Project(id root, base: C:\Users\jonat\OneDrive\OTRODRIVE\Documents\Universidad\4_SEMESTRE IV_IT\FPFC\Talleres\Taller_5\TallerAlgoritmoKmeans_2310174_2322626, plugins: List(<none>))) took 31.8841ms
[debug] [Loading] Done in C:\Users\jonat\OneDrive\OTRODRIVE\Documents\Universidad\4_SEMESTRE IV_IT\FPFC\Talleres\Taller_5\TallerAlgoritmoKmeans_2310174_2322626, returning: (root)
[debug]     Load.loadUnit: loadedProjectsRaw took 107.6243ms
[debug]     Load.loadUnit: cleanEvalClasses took 31.4092ms
[debug]   Load.loadUnit(file:/C:/Users/jonat/OneDrive/OTRODRIVE/Documents/Universidad/4_SEMESTRE%20IV_IT/FPFC/Talleres/Taller_5/TallerAlgoritmoKmeans_2310174_2322626/, ...) took 476.7835ms
[debug] Load.apply: load took 479.4921ms
[debug] Load.apply: resolveProjects took 0.0933ms
[debug] Load.apply: finalTransforms took 15.3678ms
[debug] Load.apply: config.delegates took 0.3461ms
[debug] Load.apply: Def.make(settings)... took 53.3666ms
[debug] Load.apply: structureIndex took 14.408ms
[debug] Load.apply: mkStreams took 0.0036ms
[warn] Discarding 1 session setting.  Use 'session save' to persist session settings.
[info] set current project to ParallelScala (in build file:/C:/Users/jonat/OneDrive/OTRODRIVE/Documents/Universidad/4_SEMESTRE%20IV_IT/FPFC/Talleres/Taller_5/TallerAlgoritmoKmeans_2310174_2322626/)
[debug] > Exec(sbtPopOnFailure, None, None)
[debug] > Exec(resumeFromFailure, None, None)
[debug] > Exec(idea-shell, None, None)
