[debug] > Exec(reload, None, None)
[debug] > Exec(sbtStashOnFailure, None, None)
[debug] > Exec(onFailure loadFailed, None, None)
[debug] > Exec(loadp, None, None)
[info] welcome to sbt 1.10.3 (Amazon.com Inc. Java 17.0.10)
[debug] Load.defaultLoad until apply took 2.44ms
[debug]           Load.loadUnit: plugins took 15.1815ms
[debug]           Load.loadUnit: defsScala took 0.0019ms
[debug] [Loading] Scanning directory C:\Users\jonat\OneDrive\OTRODRIVE\Documents\Universidad\4_SEMESTRE IV_IT\FPFC\Talleres\Taller_5\TallerAlgoritmoKmeans_2310174_2322626\project
[debug]             Load.loadUnit: mkEval took 0.2145ms
[debug] [Loading] Found non-root projects 
[debug] [Loading] Done in C:\Users\jonat\OneDrive\OTRODRIVE\Documents\Universidad\4_SEMESTRE IV_IT\FPFC\Talleres\Taller_5\TallerAlgoritmoKmeans_2310174_2322626\project, returning: ()
[debug] deducing auto plugins based on known facts Set(Atom(sbt.plugins.CorePlugin)) and clauses Clauses(Clause(Atom(sbt.plugins.JvmPlugin),Set(Atom(sbt.plugins.IvyPlugin)))
[debug] Clause(Atom(sbt.ScriptedPlugin),Set(Atom(sbt.plugins.JvmPlugin)))
[debug] Clause(Atom(sbt.plugins.SbtPlugin),Set(Atom(sbt.ScriptedPlugin)))
[debug] Clause(Atom(sbt.plugins.SemanticdbPlugin),Set(Atom(sbt.plugins.JvmPlugin)))
[debug] Clause(Atom(sbt.plugins.JUnitXmlReportPlugin),Set(Atom(sbt.plugins.JvmPlugin)))
[debug] Clause(Atom(sbt.plugins.MiniDependencyTreePlugin),Set(Atom(sbt.plugins.JvmPlugin)))
[debug] Clause(Atom(sbt.plugins.CorePlugin),Set(Atom(sbt.plugins.IvyPlugin)))
[debug] Clause(Atom(sbt.plugins.IvyPlugin),Set(Atom(sbt.plugins.JvmPlugin)))
[debug] Clause(Atom(sbt.plugins.JvmPlugin),Set(Atom(sbt.plugins.SemanticdbPlugin)))
[debug] Clause(Atom(sbt.plugins.JvmPlugin),Set(Atom(sbt.plugins.JUnitXmlReportPlugin)))
[debug] Clause(Atom(sbt.plugins.CorePlugin),Set(Atom(sbt.plugins.Giter8TemplatePlugin)))
[debug] Clause(Atom(sbt.plugins.JvmPlugin),Set(Atom(sbt.plugins.MiniDependencyTreePlugin))))
[debug]   :: deduced result: Matched(sbt.plugins.CorePlugin,sbt.plugins.Giter8TemplatePlugin,sbt.plugins.IvyPlugin,sbt.plugins.JvmPlugin,sbt.plugins.MiniDependencyTreePlugin,sbt.plugins.JUnitXmlReportPlugin,sbt.plugins.SemanticdbPlugin)
[debug] Plugins.deducer#function took 1.3517 ms
[info] loading settings for project talleralgoritmokmeans_2310174_2322626-build from idea9.sbt ...
[debug]               Load.resolveProject(talleralgoritmokmeans_2310174_2322626-build) took 1.3833ms
[debug]             Load.loadTransitive: finalizeProject(Project(id talleralgoritmokmeans_2310174_2322626-build, base: C:\Users\jonat\OneDrive\OTRODRIVE\Documents\Universidad\4_SEMESTRE IV_IT\FPFC\Talleres\Taller_5\TallerAlgoritmoKmeans_2310174_2322626\project, plugins: List(<none>))) took 3.188ms
[debug] [Loading] Done in C:\Users\jonat\OneDrive\OTRODRIVE\Documents\Universidad\4_SEMESTRE IV_IT\FPFC\Talleres\Taller_5\TallerAlgoritmoKmeans_2310174_2322626\project, returning: (talleralgoritmokmeans_2310174_2322626-build)
[debug]           Load.loadUnit: loadedProjectsRaw took 32.3908ms
[debug]           Load.loadUnit: cleanEvalClasses took 4.9481ms
[debug]         Load.loadUnit(file:/C:/Users/jonat/OneDrive/OTRODRIVE/Documents/Universidad/4_SEMESTRE%20IV_IT/FPFC/Talleres/Taller_5/TallerAlgoritmoKmeans_2310174_2322626/project/, ...) took 53.6641ms
[debug]       Load.apply: load took 55.3035ms
[debug]       Load.apply: resolveProjects took 0.1206ms
[debug]       Load.apply: finalTransforms took 4.9017ms
[debug]       Load.apply: config.delegates took 0.2462ms
[debug]       Load.apply: Def.make(settings)... took 37.6969ms
[debug]       Load.apply: structureIndex took 12.5702ms
[debug]       Load.apply: mkStreams took 0.0026ms
[info] loading project definition from C:\Users\jonat\OneDrive\OTRODRIVE\Documents\Universidad\4_SEMESTRE IV_IT\FPFC\Talleres\Taller_5\TallerAlgoritmoKmeans_2310174_2322626\project
[debug] Running task... Cancel: Signal, check cycles: false, forcegc: true
[debug]     Load.loadUnit: plugins took 302.3093ms
[debug]     Load.loadUnit: defsScala took 0.0033ms
[debug] [Loading] Scanning directory C:\Users\jonat\OneDrive\OTRODRIVE\Documents\Universidad\4_SEMESTRE IV_IT\FPFC\Talleres\Taller_5\TallerAlgoritmoKmeans_2310174_2322626
[debug]       Load.loadUnit: mkEval took 0.2581ms
[debug] [Loading] Found root project root w/ remaining 
[debug] deducing auto plugins based on known facts Set(Atom(sbt.plugins.CorePlugin)) and clauses Clauses(Clause(Atom(sbt.plugins.JvmPlugin),Set(Atom(sbt.plugins.IvyPlugin)))
[debug] Clause(Atom(sbt.ScriptedPlugin),Set(Atom(sbt.plugins.JvmPlugin)))
[debug] Clause(Atom(sbt.plugins.SbtPlugin),Set(Atom(sbt.ScriptedPlugin)))
[debug] Clause(Atom(sbt.plugins.SemanticdbPlugin),Set(Atom(sbt.plugins.JvmPlugin)))
[debug] Clause(Atom(sbt.plugins.JUnitXmlReportPlugin),Set(Atom(sbt.plugins.JvmPlugin)))
[debug] Clause(Atom(sbt.plugins.MiniDependencyTreePlugin),Set(Atom(sbt.plugins.JvmPlugin)))
[debug] Clause(Atom(org.jetbrains.sbt.StructurePlugin),Set(Atom(sbt.plugins.JvmPlugin)))
[debug] Clause(Atom(org.jetbrains.sbt.IdeaShellPlugin),Set(Atom(sbt.plugins.JvmPlugin)))
[debug] Clause(Atom(org.jetbrains.sbt.indices.SbtIntellijIndicesPlugin),Set(Atom(sbt.plugins.JvmPlugin)))
[debug] Clause(Atom(sbt.plugins.CorePlugin),Set(Atom(sbt.plugins.IvyPlugin)))
[debug] Clause(Atom(sbt.plugins.IvyPlugin),Set(Atom(sbt.plugins.JvmPlugin)))
[debug] Clause(Atom(sbt.plugins.JvmPlugin),Set(Atom(sbt.plugins.SemanticdbPlugin)))
[debug] Clause(Atom(sbt.plugins.JvmPlugin),Set(Atom(sbt.plugins.JUnitXmlReportPlugin)))
[debug] Clause(Atom(sbt.plugins.CorePlugin),Set(Atom(sbt.plugins.Giter8TemplatePlugin)))
[debug] Clause(Atom(sbt.plugins.JvmPlugin),Set(Atom(sbt.plugins.MiniDependencyTreePlugin)))
[debug] Clause(Atom(sbt.plugins.JvmPlugin),Set(Atom(org.jetbrains.sbt.StructurePlugin)))
[debug] Clause(Atom(sbt.plugins.JvmPlugin),Set(Atom(org.jetbrains.sbt.IdeaShellPlugin)))
[debug] Clause(And(Set(Atom(sbt.plugins.CorePlugin), Atom(sbt.plugins.JvmPlugin))),Set(Atom(org.jetbrains.sbt.indices.SbtIntellijIndicesPlugin))))
[debug]   :: deduced result: Matched(sbt.plugins.CorePlugin,sbt.plugins.Giter8TemplatePlugin,sbt.plugins.IvyPlugin,sbt.plugins.JvmPlugin,sbt.plugins.SemanticdbPlugin,org.jetbrains.sbt.indices.SbtIntellijIndicesPlugin,sbt.plugins.JUnitXmlReportPlugin,org.jetbrains.sbt.IdeaShellPlugin,org.jetbrains.sbt.StructurePlugin,sbt.plugins.MiniDependencyTreePlugin)
[debug] Plugins.deducer#function took 1.6676 ms
[info] loading settings for project root from build.sbt ...
[debug]         Load.resolveProject(root) took 23.4188ms
[debug]       Load.loadTransitive: finalizeProject(Project(id root, base: C:\Users\jonat\OneDrive\OTRODRIVE\Documents\Universidad\4_SEMESTRE IV_IT\FPFC\Talleres\Taller_5\TallerAlgoritmoKmeans_2310174_2322626, plugins: List(<none>))) took 25.6354ms
[debug] [Loading] Done in C:\Users\jonat\OneDrive\OTRODRIVE\Documents\Universidad\4_SEMESTRE IV_IT\FPFC\Talleres\Taller_5\TallerAlgoritmoKmeans_2310174_2322626, returning: (root)
[debug]     Load.loadUnit: loadedProjectsRaw took 81.3619ms
[debug]     Load.loadUnit: cleanEvalClasses took 23.8791ms
[debug]   Load.loadUnit(file:/C:/Users/jonat/OneDrive/OTRODRIVE/Documents/Universidad/4_SEMESTRE%20IV_IT/FPFC/Talleres/Taller_5/TallerAlgoritmoKmeans_2310174_2322626/, ...) took 409.0408ms
[debug] Load.apply: load took 413.7366ms
[debug] Load.apply: resolveProjects took 0.0833ms
[debug] Load.apply: finalTransforms took 13.5339ms
[debug] Load.apply: config.delegates took 0.2501ms
[debug] Load.apply: Def.make(settings)... took 47.87ms
[debug] Load.apply: structureIndex took 14.2293ms
[debug] Load.apply: mkStreams took 0.0023ms
[warn] Discarding 1 session setting.  Use 'session save' to persist session settings.
[info] set current project to TallerAlgoritmoKmeans_2310174_2322626 (in build file:/C:/Users/jonat/OneDrive/OTRODRIVE/Documents/Universidad/4_SEMESTRE%20IV_IT/FPFC/Talleres/Taller_5/TallerAlgoritmoKmeans_2310174_2322626/)
[debug] > Exec(sbtPopOnFailure, None, None)
[debug] > Exec(resumeFromFailure, None, None)
[debug] > Exec(idea-shell, None, None)
