[debug] > Exec(console, None, None)
[debug] Evaluating tasks: Compile / console
[debug] Running task... Cancel: Signal, check cycles: false, forcegc: true
[info] Starting scala interpreter...
[warn] In the last 8 seconds, 72.515 (966.4%) were spent in GC. [Heap: 0.34GB free of 1.50GB, max 1.50GB] Consider increasing the JVM heap using `-Xmx` or try a different collector, e.g. `-XX:+UseG1GC`, for better performance.
[warn] In the last 10 seconds, 243.588 (2500.1%) were spent in GC. [Heap: 0.03GB free of 1.50GB, max 1.50GB] Consider increasing the JVM heap using `-Xmx` or try a different collector, e.g. `-XX:+UseG1GC`, for better performance.
[warn] In the last 10 seconds, 24.908 (250.9%) were spent in GC. [Heap: 0.00GB free of 1.50GB, max 1.50GB] Consider increasing the JVM heap using `-Xmx` or try a different collector, e.g. `-XX:+UseG1GC`, for better performance.
[warn] In the last 10 seconds, 28.797 (289.8%) were spent in GC. [Heap: 0.01GB free of 1.50GB, max 1.50GB] Consider increasing the JVM heap using `-Xmx` or try a different collector, e.g. `-XX:+UseG1GC`, for better performance.
[warn] In the last 10 seconds, 50.801 (518.3%) were spent in GC. [Heap: 0.00GB free of 1.50GB, max 1.50GB] Consider increasing the JVM heap using `-Xmx` or try a different collector, e.g. `-XX:+UseG1GC`, for better performance.
[warn] In the last 10 seconds, 69.999 (729.8%) were spent in GC. [Heap: 0.00GB free of 1.50GB, max 1.50GB] Consider increasing the JVM heap using `-Xmx` or try a different collector, e.g. `-XX:+UseG1GC`, for better performance.
[warn] In the last 10 seconds, 30.514 (312.7%) were spent in GC. [Heap: 0.01GB free of 1.50GB, max 1.50GB] Consider increasing the JVM heap using `-Xmx` or try a different collector, e.g. `-XX:+UseG1GC`, for better performance.
[warn] Canceling execution...
[warn] Canceling execution...
[warn] Canceling execution...
[warn] Canceling execution...
[debug] Forcing garbage collection...
[debug] Forcing garbage collection...
[debug] Forcing garbage collection...
[debug] Forcing garbage collection...
[warn] In the last 10 seconds, 43.946 (448.6%) were spent in GC. [Heap: 0.01GB free of 1.50GB, max 1.50GB] Consider increasing the JVM heap using `-Xmx` or try a different collector, e.g. `-XX:+UseG1GC`, for better performance.
[error] Cancelled: console
[error] Cancelled: console
[error] Use 'last' for the full log.
[debug] > Exec(idea-shell, None, None)
