[debug] > Exec(early(addDefaultCommands), None, None)
[debug] > Exec(addDefaultCommands, None, None)
[debug] > Exec(early(initialize), None, None)
[debug] > Exec(initialize, None, None)
[debug] > Exec(early(addPluginSbtFile="""C:\Users\jonat\AppData\Local\Temp\idea5.sbt"""), None, None)
[debug] > Exec(addPluginSbtFile="""C:\Users\jonat\AppData\Local\Temp\idea5.sbt""", None, None)
[debug] > Exec(boot, None, None)
[debug] > Exec(writeSbtVersion, None, None)
[debug] > Exec(reload, None, None)
[debug] > Exec(sbtStashOnFailure, None, None)
[debug] > Exec(onFailure loadFailed, None, None)
[debug] > Exec(loadp, None, None)
[info] welcome to sbt 1.10.3 (Oracle Corporation Java 23)
[debug] Load.defaultLoad until apply took 82.353ms
[debug]           Load.loadUnit: plugins took 76.0528ms
[debug]           Load.loadUnit: defsScala took 0.2282ms
[debug] [Loading] Scanning directory C:\Users\jonat\OneDrive\OTRODRIVE\Documents\Universidad\4_SEMESTRE IV_IT\FPFC\Talleres\Taller_5\TallerAlgoritmoKmeans_2310174_2322626\project
[debug]             Load.loadUnit: mkEval took 5.1452ms
[debug] [Loading] Found non-root projects 
[debug] [Loading] Done in C:\Users\jonat\OneDrive\OTRODRIVE\Documents\Universidad\4_SEMESTRE IV_IT\FPFC\Talleres\Taller_5\TallerAlgoritmoKmeans_2310174_2322626\project, returning: ()
[debug] deducing auto plugins based on known facts Set(Atom(sbt.plugins.CorePlugin)) and clauses Clauses(Clause(Atom(sbt.plugins.JvmPlugin),Set(Atom(sbt.plugins.IvyPlugin)))
[debug] Clause(Atom(sbt.ScriptedPlugin),Set(Atom(sbt.plugins.JvmPlugin)))
[debug] Clause(Atom(sbt.plugins.SbtPlugin),Set(Atom(sbt.ScriptedPlugin)))
[debug] Clause(Atom(sbt.plugins.SemanticdbPlugin),Set(Atom(sbt.plugins.JvmPlugin)))
[debug] Clause(Atom(sbt.plugins.JUnitXmlReportPlugin),Set(Atom(sbt.plugins.JvmPlugin)))
[debug] Clause(Atom(sbt.plugins.MiniDependencyTreePlugin),Set(Atom(sbt.plugins.JvmPlugin)))
[debug] Clause(Atom(sbt.plugins.CorePlugin),Set(Atom(sbt.plugins.IvyPlugin)))
[debug] Clause(Atom(sbt.plugins.IvyPlugin),Set(Atom(sbt.plugins.JvmPlugin)))
[debug] Clause(Atom(sbt.plugins.JvmPlugin),Set(Atom(sbt.plugins.SemanticdbPlugin)))
[debug] Clause(Atom(sbt.plugins.JvmPlugin),Set(Atom(sbt.plugins.JUnitXmlReportPlugin)))
[debug] Clause(Atom(sbt.plugins.CorePlugin),Set(Atom(sbt.plugins.Giter8TemplatePlugin)))
[debug] Clause(Atom(sbt.plugins.JvmPlugin),Set(Atom(sbt.plugins.MiniDependencyTreePlugin))))
[debug]   :: deduced result: Matched(sbt.plugins.CorePlugin,sbt.plugins.Giter8TemplatePlugin,sbt.plugins.IvyPlugin,sbt.plugins.JvmPlugin,sbt.plugins.MiniDependencyTreePlugin,sbt.plugins.JUnitXmlReportPlugin,sbt.plugins.SemanticdbPlugin)
[debug] Plugins.deducer#function took 16.5934 ms
[info] loading settings for project talleralgoritmokmeans_2310174_2322626-build from idea5.sbt ...
[debug]               Load.resolveProject(talleralgoritmokmeans_2310174_2322626-build) took 43.2821ms
[debug]             Load.loadTransitive: finalizeProject(Project(id talleralgoritmokmeans_2310174_2322626-build, base: C:\Users\jonat\OneDrive\OTRODRIVE\Documents\Universidad\4_SEMESTRE IV_IT\FPFC\Talleres\Taller_5\TallerAlgoritmoKmeans_2310174_2322626\project, plugins: List(<none>))) took 78.5674ms
[debug] [Loading] Done in C:\Users\jonat\OneDrive\OTRODRIVE\Documents\Universidad\4_SEMESTRE IV_IT\FPFC\Talleres\Taller_5\TallerAlgoritmoKmeans_2310174_2322626\project, returning: (talleralgoritmokmeans_2310174_2322626-build)
[debug]           Load.loadUnit: loadedProjectsRaw took 324.9471ms
[debug]           Load.loadUnit: cleanEvalClasses took 12.5739ms
[debug]         Load.loadUnit(file:/C:/Users/jonat/OneDrive/OTRODRIVE/Documents/Universidad/4_SEMESTRE%20IV_IT/FPFC/Talleres/Taller_5/TallerAlgoritmoKmeans_2310174_2322626/project/, ...) took 419.3051ms
[debug]       Load.apply: load took 554.1195ms
[debug]       Load.apply: resolveProjects took 5.3148ms
[debug]       Load.apply: finalTransforms took 56.3737ms
[debug]       Load.apply: config.delegates took 6.4724ms
[debug]       Load.apply: Def.make(settings)... took 403.8825ms
[debug]       Load.apply: structureIndex took 109.8058ms
[debug]       Load.apply: mkStreams took 2.5699ms
[info] loading project definition from C:\Users\jonat\OneDrive\OTRODRIVE\Documents\Universidad\4_SEMESTRE IV_IT\FPFC\Talleres\Taller_5\TallerAlgoritmoKmeans_2310174_2322626\project
[debug] Running task... Cancel: Signal, check cycles: false, forcegc: true
[debug]     Load.loadUnit: plugins took 2009.2046ms
[debug]     Load.loadUnit: defsScala took 0.0029ms
[debug] [Loading] Scanning directory C:\Users\jonat\OneDrive\OTRODRIVE\Documents\Universidad\4_SEMESTRE IV_IT\FPFC\Talleres\Taller_5\TallerAlgoritmoKmeans_2310174_2322626
[debug]       Load.loadUnit: mkEval took 0.2191ms
[debug] [Loading] Found root project root w/ remaining 
[debug] deducing auto plugins based on known facts Set(Atom(sbt.plugins.CorePlugin)) and clauses Clauses(Clause(Atom(sbt.plugins.JvmPlugin),Set(Atom(sbt.plugins.IvyPlugin)))
[debug] Clause(Atom(sbt.ScriptedPlugin),Set(Atom(sbt.plugins.JvmPlugin)))
[debug] Clause(Atom(sbt.plugins.SbtPlugin),Set(Atom(sbt.ScriptedPlugin)))
[debug] Clause(Atom(sbt.plugins.SemanticdbPlugin),Set(Atom(sbt.plugins.JvmPlugin)))
[debug] Clause(Atom(sbt.plugins.JUnitXmlReportPlugin),Set(Atom(sbt.plugins.JvmPlugin)))
[debug] Clause(Atom(sbt.plugins.MiniDependencyTreePlugin),Set(Atom(sbt.plugins.JvmPlugin)))
[debug] Clause(Atom(org.jetbrains.sbt.StructurePlugin),Set(Atom(sbt.plugins.JvmPlugin)))
[debug] Clause(Atom(org.jetbrains.sbt.IdeaShellPlugin),Set(Atom(sbt.plugins.JvmPlugin)))
[debug] Clause(Atom(org.jetbrains.sbt.indices.SbtIntellijIndicesPlugin),Set(Atom(sbt.plugins.JvmPlugin)))
[debug] Clause(Atom(sbt.plugins.CorePlugin),Set(Atom(sbt.plugins.IvyPlugin)))
[debug] Clause(Atom(sbt.plugins.IvyPlugin),Set(Atom(sbt.plugins.JvmPlugin)))
[debug] Clause(Atom(sbt.plugins.JvmPlugin),Set(Atom(sbt.plugins.SemanticdbPlugin)))
[debug] Clause(Atom(sbt.plugins.JvmPlugin),Set(Atom(sbt.plugins.JUnitXmlReportPlugin)))
[debug] Clause(Atom(sbt.plugins.CorePlugin),Set(Atom(sbt.plugins.Giter8TemplatePlugin)))
[debug] Clause(Atom(sbt.plugins.JvmPlugin),Set(Atom(sbt.plugins.MiniDependencyTreePlugin)))
[debug] Clause(Atom(sbt.plugins.JvmPlugin),Set(Atom(org.jetbrains.sbt.StructurePlugin)))
[debug] Clause(Atom(sbt.plugins.JvmPlugin),Set(Atom(org.jetbrains.sbt.IdeaShellPlugin)))
[debug] Clause(And(Set(Atom(sbt.plugins.CorePlugin), Atom(sbt.plugins.JvmPlugin))),Set(Atom(org.jetbrains.sbt.indices.SbtIntellijIndicesPlugin))))
[debug]   :: deduced result: Matched(sbt.plugins.CorePlugin,sbt.plugins.Giter8TemplatePlugin,sbt.plugins.IvyPlugin,sbt.plugins.JvmPlugin,sbt.plugins.SemanticdbPlugin,org.jetbrains.sbt.indices.SbtIntellijIndicesPlugin,sbt.plugins.JUnitXmlReportPlugin,org.jetbrains.sbt.IdeaShellPlugin,org.jetbrains.sbt.StructurePlugin,sbt.plugins.MiniDependencyTreePlugin)
[debug] Plugins.deducer#function took 2.3989 ms
[info] loading settings for project root from build.sbt ...
[debug]         Load.resolveProject(root) took 28.2482ms
[debug]       Load.loadTransitive: finalizeProject(Project(id root, base: C:\Users\jonat\OneDrive\OTRODRIVE\Documents\Universidad\4_SEMESTRE IV_IT\FPFC\Talleres\Taller_5\TallerAlgoritmoKmeans_2310174_2322626, plugins: List(<none>))) took 32.2376ms
[debug] [Loading] Done in C:\Users\jonat\OneDrive\OTRODRIVE\Documents\Universidad\4_SEMESTRE IV_IT\FPFC\Talleres\Taller_5\TallerAlgoritmoKmeans_2310174_2322626, returning: (root)
[debug]     Load.loadUnit: loadedProjectsRaw took 131.0391ms
[debug]     Load.loadUnit: cleanEvalClasses took 31.8128ms
[debug]   Load.loadUnit(file:/C:/Users/jonat/OneDrive/OTRODRIVE/Documents/Universidad/4_SEMESTRE%20IV_IT/FPFC/Talleres/Taller_5/TallerAlgoritmoKmeans_2310174_2322626/, ...) took 2174.2175ms
[debug] Load.apply: load took 2195.4479ms
[debug] Load.apply: resolveProjects took 0.1514ms
[debug] Load.apply: finalTransforms took 31.2238ms
[debug] Load.apply: config.delegates took 0.3096ms
[debug] Load.apply: Def.make(settings)... took 91.093ms
[debug] Load.apply: structureIndex took 35.7416ms
[debug] Load.apply: mkStreams took 0.0042ms
[info] set current project to ParallelScala (in build file:/C:/Users/jonat/OneDrive/OTRODRIVE/Documents/Universidad/4_SEMESTRE%20IV_IT/FPFC/Talleres/Taller_5/TallerAlgoritmoKmeans_2310174_2322626/)
[debug] > Exec(sbtPopOnFailure, None, None)
[debug] > Exec(resumeFromFailure, None, None)
[debug] > Exec(notifyUsersAboutShell, None, None)
[debug] > Exec(iflast shell, None, None)
[debug] > Exec(; set ideaPort in Global := 62583 ; idea-shell, None, None)
[debug] > Exec(set ideaPort in Global := 62583, None, None)
[info] Defining Global / ideaPort
[info] The new value will be used by Compile / compile, Test / compile
[debug] Defining 
[debug] 	Global / ideaPort
[debug] 
[debug] The new value will be used by 
[debug] 	Compile / compile
[debug] 	Test / compile
[info] Reapplying settings...
[info] set current project to ParallelScala (in build file:/C:/Users/jonat/OneDrive/OTRODRIVE/Documents/Universidad/4_SEMESTRE%20IV_IT/FPFC/Talleres/Taller_5/TallerAlgoritmoKmeans_2310174_2322626/)
[debug] > Exec(idea-shell, None, None)
